Tue May 07 2024 19:26:56 GMT-0300 (hora estándar de Argentina) - /
Tue May 07 2024 19:27:02 GMT-0300 (hora estándar de Argentina) - /herror
Tue May 07 2024 19:28:23 GMT-0300 (hora estándar de Argentina) - /herror
Tue May 07 2024 19:28:49 GMT-0300 (hora estándar de Argentina) - /herror
Tue May 07 2024 19:31:19 GMT-0300 (hora estándar de Argentina) - /
Tue May 07 2024 19:31:24 GMT-0300 (hora estándar de Argentina) - /index.html
Tue May 07 2024 19:32:54 GMT-0300 (hora estándar de Argentina) - /requests.log
Tue May 07 2024 19:34:23 GMT-0300 (hora estándar de Argentina) - /requests.log
Tue May 07 2024 19:42:39 GMT-0300 (hora estándar de Argentina) - /index.html
Tue May 07 2024 19:42:39 GMT-0300 (hora estándar de Argentina) - /favicon.png
Tue May 07 2024 19:42:51 GMT-0300 (hora estándar de Argentina) - /favicon.ico
Tue May 07 2024 19:43:28 GMT-0300 (hora estándar de Argentina) - /favicon.ico
Tue May 07 2024 19:43:33 GMT-0300 (hora estándar de Argentina) - /favicon.png
Tue May 07 2024 19:43:43 GMT-0300 (hora estándar de Argentina) - /favicon.png
Tue May 07 2024 19:45:52 GMT-0300 (hora estándar de Argentina) - /favicon.ico
Tue May 07 2024 19:45:56 GMT-0300 (hora estándar de Argentina) - /favicon
Tue May 07 2024 19:46:00 GMT-0300 (hora estándar de Argentina) - /favicon.png
Tue May 07 2024 19:46:07 GMT-0300 (hora estándar de Argentina) - /index.html
Tue May 07 2024 19:46:07 GMT-0300 (hora estándar de Argentina) - /favicon.png
Tue May 07 2024 19:48:26 GMT-0300 (hora estándar de Argentina) - /index.html
Tue May 07 2024 19:48:26 GMT-0300 (hora estándar de Argentina) - /favicon.png
Tue May 07 2024 19:48:27 GMT-0300 (hora estándar de Argentina) - /index.html
Tue May 07 2024 19:48:27 GMT-0300 (hora estándar de Argentina) - /favicon.png
Tue May 07 2024 19:49:33 GMT-0300 (hora estándar de Argentina) - /index.html
Tue May 07 2024 19:49:33 GMT-0300 (hora estándar de Argentina) - /favicon.png
Tue May 07 2024 19:49:44 GMT-0300 (hora estándar de Argentina) - /index.html
Tue May 07 2024 19:49:44 GMT-0300 (hora estándar de Argentina) - /favicon.png
Tue May 07 2024 19:50:32 GMT-0300 (hora estándar de Argentina) - /index.html
Tue May 07 2024 19:54:21 GMT-0300 (hora estándar de Argentina) - /index.html
Tue May 07 2024 19:54:28 GMT-0300 (hora estándar de Argentina) - /png
Tue May 07 2024 19:54:46 GMT-0300 (hora estándar de Argentina) - /favicon.png
Tue May 07 2024 19:55:08 GMT-0300 (hora estándar de Argentina) - /favicon.png
Tue May 07 2024 19:57:10 GMT-0300 (hora estándar de Argentina) - /index.html
Tue May 07 2024 19:57:39 GMT-0300 (hora estándar de Argentina) - /index.html
Tue May 07 2024 19:57:39 GMT-0300 (hora estándar de Argentina) - /favicon.png
Tue May 07 2024 19:58:47 GMT-0300 (hora estándar de Argentina) - /index.html2
Tue May 07 2024 19:59:00 GMT-0300 (hora estándar de Argentina) - /index.html
Tue May 07 2024 19:59:00 GMT-0300 (hora estándar de Argentina) - /favicon.png
Tue May 07 2024 20:00:02 GMT-0300 (hora estándar de Argentina) - /index.html
Tue May 07 2024 20:00:02 GMT-0300 (hora estándar de Argentina) - /favicon.png
Tue May 07 2024 20:03:53 GMT-0300 (hora estándar de Argentina) - /erp
Tue May 07 2024 20:04:17 GMT-0300 (hora estándar de Argentina) - /erp
Tue May 07 2024 20:04:20 GMT-0300 (hora estándar de Argentina) - /index.html
Tue May 07 2024 20:04:39 GMT-0300 (hora estándar de Argentina) - /index.html
Tue May 07 2024 20:04:39 GMT-0300 (hora estándar de Argentina) - /favicon.png
Tue May 07 2024 20:04:44 GMT-0300 (hora estándar de Argentina) - /index.html
Tue May 07 2024 20:04:44 GMT-0300 (hora estándar de Argentina) - /favicon.png
Tue May 07 2024 20:04:55 GMT-0300 (hora estándar de Argentina) - /index.html
Tue May 07 2024 20:04:55 GMT-0300 (hora estándar de Argentina) - /favicon.png
Thu May 16 2024 14:57:00 GMT-0300 (hora estándar de Argentina) - /index.html
Thu May 16 2024 14:57:00 GMT-0300 (hora estándar de Argentina) - /favicon.png
Thu May 16 2024 14:58:43 GMT-0300 (hora estándar de Argentina) - /index.html
Thu May 16 2024 15:08:53 GMT-0300 (hora estándar de Argentina) - /index.html
Thu May 16 2024 15:08:59 GMT-0300 (hora estándar de Argentina) - /index.html
Thu May 16 2024 15:08:59 GMT-0300 (hora estándar de Argentina) - /favicon.png
Thu May 16 2024 15:09:03 GMT-0300 (hora estándar de Argentina) - /index.html
Thu May 16 2024 15:09:06 GMT-0300 (hora estándar de Argentina) - /index.html
Thu May 16 2024 15:13:50 GMT-0300 (hora estándar de Argentina) - /requests.log
Thu May 16 2024 15:13:50 GMT-0300 (hora estándar de Argentina) - /favicon.ico
Thu May 16 2024 15:14:03 GMT-0300 (hora estándar de Argentina) - /reque
Thu May 16 2024 15:18:02 GMT-0300 (hora estándar de Argentina) - /index.html
Thu May 16 2024 15:18:24 GMT-0300 (hora estándar de Argentina) - /favicon.png
Thu May 16 2024 15:19:52 GMT-0300 (hora estándar de Argentina) - /index.html
